{"uuid":"eecbaa8a-6f60-4fa6-b44f-0bd7cdc91e02","historyId":"f315aae2b3c6fea76a9a4dbe041e3d2","fullName":"com.***REMOVED***.uitest.ios.player.Miniplayer.testMiniPlayer","labels":[{"name":"package","value":"com.***REMOVED***.uitest.ios.player.Miniplayer"},{"name":"testClass","value":"com.***REMOVED***.uitest.ios.player.Miniplayer"},{"name":"testMethod","value":"testMiniPlayer"},{"name":"parentSuite","value":"Default Suite"},{"name":"suite","value":"test-ios"},{"name":"subSuite","value":"com.***REMOVED***.uitest.ios.player.Miniplayer"},{"name":"host","value":"***REMOVED***deMacBook-Pro-2.local"},{"name":"thread","value":"24898@***REMOVED***deMacBook-Pro-2.local.main(1)"}],"links":[],"name":"minibar 的打开、唤起、关闭、播放、暂停、回退","status":"broken","statusDetails":{"known":false,"muted":false,"flaky":false,"message":"Expected condition failed: waiting for presence of element located by: By.xpath: //XCUIElementTypeApplication[@name='***REMOVED***']/XCUIElementTypeWindow[1]/XCUIElementTypeOther/XCUIElementTypeOther[3]/XCUIElementTypeOther/XCUIElementTypeOther/XCUIElementTypeOther/XCUIElementTypeOther/XCUIElementTypeOther/XCUIElementTypeOther/XCUIElementTypeCollectionView/XCUIElementTypeCell[1]/XCUIElementTypeOther/XCUIElementTypeOther/XCUIElementTypeOther[4]/XCUIElementTypeOther/XCUIElementTypeOther/XCUIElementTypeOther/XCUIElementTypeOther (tried for 10 second(s) with 500 milliseconds interval)","trace":"org.openqa.selenium.TimeoutException: Expected condition failed: waiting for presence of element located by: By.xpath: //XCUIElementTypeApplication[@name='***REMOVED***']/XCUIElementTypeWindow[1]/XCUIElementTypeOther/XCUIElementTypeOther[3]/XCUIElementTypeOther/XCUIElementTypeOther/XCUIElementTypeOther/XCUIElementTypeOther/XCUIElementTypeOther/XCUIElementTypeOther/XCUIElementTypeCollectionView/XCUIElementTypeCell[1]/XCUIElementTypeOther/XCUIElementTypeOther/XCUIElementTypeOther[4]/XCUIElementTypeOther/XCUIElementTypeOther/XCUIElementTypeOther/XCUIElementTypeOther (tried for 10 second(s) with 500 milliseconds interval)\n\tat org.openqa.selenium.support.ui.WebDriverWait.timeoutException(WebDriverWait.java:81)\n\tat org.openqa.selenium.support.ui.FluentWait.until(FluentWait.java:271)\n\tat com.***REMOVED***.uitest.ios.player.Miniplayer.testMiniPlayer(Miniplayer.java:66)\n\tat sun.reflect.NativeMethodAccessorImpl.invoke0(Native Method)\n\tat sun.reflect.NativeMethodAccessorImpl.invoke(NativeMethodAccessorImpl.java:62)\n\tat sun.reflect.DelegatingMethodAccessorImpl.invoke(DelegatingMethodAccessorImpl.java:43)\n\tat java.lang.reflect.Method.invoke(Method.java:498)\n\tat org.testng.internal.MethodInvocationHelper.invokeMethod(MethodInvocationHelper.java:84)\n\tat org.testng.internal.Invoker.invokeMethod(Invoker.java:714)\n\tat org.testng.internal.Invoker.invokeTestMethod(Invoker.java:901)\n\tat org.testng.internal.Invoker.invokeTestMethods(Invoker.java:1231)\n\tat org.testng.internal.TestMethodWorker.invokeTestMethods(TestMethodWorker.java:127)\n\tat org.testng.internal.TestMethodWorker.run(TestMethodWorker.java:111)\n\tat org.testng.TestRunner.privateRun(TestRunner.java:767)\n\tat org.testng.TestRunner.run(TestRunner.java:617)\n\tat org.testng.SuiteRunner.runTest(SuiteRunner.java:334)\n\tat org.testng.SuiteRunner.runSequentially(SuiteRunner.java:329)\n\tat org.testng.SuiteRunner.privateRun(SuiteRunner.java:291)\n\tat org.testng.SuiteRunner.run(SuiteRunner.java:240)\n\tat org.testng.SuiteRunnerWorker.runSuite(SuiteRunnerWorker.java:52)\n\tat org.testng.SuiteRunnerWorker.run(SuiteRunnerWorker.java:86)\n\tat org.testng.TestNG.runSuitesSequentially(TestNG.java:1224)\n\tat org.testng.TestNG.runSuitesLocally(TestNG.java:1149)\n\tat org.testng.TestNG.run(TestNG.java:1057)\n\tat com.intellij.rt.testng.IDEARemoteTestNG.run(IDEARemoteTestNG.java:66)\n\tat com.intellij.rt.testng.RemoteTestNGStarter.main(RemoteTestNGStarter.java:110)\nCaused by: org.openqa.selenium.NoSuchElementException: Cannot locate an element using By.xpath: //XCUIElementTypeApplication[@name='***REMOVED***']/XCUIElementTypeWindow[1]/XCUIElementTypeOther/XCUIElementTypeOther[3]/XCUIElementTypeOther/XCUIElementTypeOther/XCUIElementTypeOther/XCUIElementTypeOther/XCUIElementTypeOther/XCUIElementTypeOther/XCUIElementTypeCollectionView/XCUIElementTypeCell[1]/XCUIElementTypeOther/XCUIElementTypeOther/XCUIElementTypeOther[4]/XCUIElementTypeOther/XCUIElementTypeOther/XCUIElementTypeOther/XCUIElementTypeOther\nFor documentation on this error, please visit: http://seleniumhq.org/exceptions/no_such_element.html\nBuild info: version: '3.12.0', revision: '7c6e0b3', time: '2018-05-08T14:04:26.12Z'\nSystem info: host: '***REMOVED***deMacBook-Pro-2.local', ip: 'fe80:0:0:0:43:b3b3:8b0e:7246%en0', os.name: 'Mac OS X', os.arch: 'x86_64', os.version: '10.14.6', java.version: '1.8.0_211'\nDriver info: driver.version: unknown\n\tat org.openqa.selenium.support.ui.ExpectedConditions.lambda$findElement$0(ExpectedConditions.java:896)\n\tat java.util.Optional.orElseThrow(Optional.java:290)\n\tat org.openqa.selenium.support.ui.ExpectedConditions.findElement(ExpectedConditions.java:895)\n\tat org.openqa.selenium.support.ui.ExpectedConditions.access$000(ExpectedConditions.java:44)\n\tat org.openqa.selenium.support.ui.ExpectedConditions$6.apply(ExpectedConditions.java:183)\n\tat org.openqa.selenium.support.ui.ExpectedConditions$6.apply(ExpectedConditions.java:180)\n\tat org.openqa.selenium.support.ui.FluentWait.until(FluentWait.java:248)\n\t... 24 more\n"},"stage":"finished","start":1584089593208,"stop":1584089645937,"parameters":[]}