{
  "uid" : "179be6adb9cfcbcb",
  "name" : "新手引导关注专辑",
  "fullName" : "com.***REMOVED***.uitest.ios.account.OnBoardingFollowAlbums.testFollowAlbum_OnBoarding",
  "historyId" : "8b21afd2c29dcfc0179cb214c9be7736",
  "time" : {
    "start" : 1598435711493,
    "stop" : 1598435773744,
    "duration" : 62251
  },
  "status" : "failed",
  "statusMessage" : "验证关注专辑数为2 expected [2] but found [0]",
  "statusTrace" : "java.lang.AssertionError: 验证关注专辑数为2 expected [2] but found [0]\n\tat org.testng.Assert.fail(Assert.java:94)\n\tat org.testng.Assert.failNotEquals(Assert.java:494)\n\tat org.testng.Assert.assertEquals(Assert.java:123)\n\tat org.testng.Assert.assertEquals(Assert.java:370)\n\tat com.***REMOVED***.uitest.ios.account.OnBoardingFollowAlbums.testFollowAlbum_OnBoarding(OnBoardingFollowAlbums.java:96)\n\tat sun.reflect.NativeMethodAccessorImpl.invoke0(Native Method)\n\tat sun.reflect.NativeMethodAccessorImpl.invoke(NativeMethodAccessorImpl.java:62)\n\tat sun.reflect.DelegatingMethodAccessorImpl.invoke(DelegatingMethodAccessorImpl.java:43)\n\tat java.lang.reflect.Method.invoke(Method.java:498)\n\tat org.testng.internal.MethodInvocationHelper.invokeMethod(MethodInvocationHelper.java:84)\n\tat org.testng.internal.Invoker.invokeMethod(Invoker.java:714)\n\tat org.testng.internal.Invoker.invokeTestMethod(Invoker.java:901)\n\tat org.testng.internal.Invoker.invokeTestMethods(Invoker.java:1231)\n\tat org.testng.internal.TestMethodWorker.invokeTestMethods(TestMethodWorker.java:127)\n\tat org.testng.internal.TestMethodWorker.run(TestMethodWorker.java:111)\n\tat org.testng.TestRunner.privateRun(TestRunner.java:767)\n\tat org.testng.TestRunner.run(TestRunner.java:617)\n\tat org.testng.SuiteRunner.runTest(SuiteRunner.java:334)\n\tat org.testng.SuiteRunner.runSequentially(SuiteRunner.java:329)\n\tat org.testng.SuiteRunner.privateRun(SuiteRunner.java:291)\n\tat org.testng.SuiteRunner.run(SuiteRunner.java:240)\n\tat org.testng.SuiteRunnerWorker.runSuite(SuiteRunnerWorker.java:52)\n\tat org.testng.SuiteRunnerWorker.run(SuiteRunnerWorker.java:86)\n\tat org.testng.TestNG.runSuitesSequentially(TestNG.java:1224)\n\tat org.testng.TestNG.runSuitesLocally(TestNG.java:1149)\n\tat org.testng.TestNG.run(TestNG.java:1057)\n\tat org.apache.maven.surefire.testng.TestNGExecutor.run(TestNGExecutor.java:283)\n\tat org.apache.maven.surefire.testng.TestNGXmlTestSuite.execute(TestNGXmlTestSuite.java:75)\n\tat org.apache.maven.surefire.testng.TestNGProvider.invoke(TestNGProvider.java:120)\n\tat org.apache.maven.surefire.booter.ForkedBooter.invokeProviderInSameClassLoader(ForkedBooter.java:384)\n\tat org.apache.maven.surefire.booter.ForkedBooter.runSuitesInProcess(ForkedBooter.java:345)\n\tat org.apache.maven.surefire.booter.ForkedBooter.execute(ForkedBooter.java:126)\n\tat org.apache.maven.surefire.booter.ForkedBooter.main(ForkedBooter.java:418)\n",
  "flaky" : false,
  "newFailed" : false,
  "beforeStages" : [ {
    "name" : "setUp",
    "time" : {
      "start" : 1598435701070,
      "stop" : 1598435706487,
      "duration" : 5417
    },
    "description" : "",
    "status" : "unknown",
    "steps" : [ ],
    "attachments" : [ ],
    "parameters" : [ ],
    "stepsCount" : 0,
    "attachmentsCount" : 0,
    "shouldDisplayMessage" : false,
    "hasContent" : false
  } ],
  "testStage" : {
    "status" : "failed",
    "statusMessage" : "验证关注专辑数为2 expected [2] but found [0]",
    "statusTrace" : "java.lang.AssertionError: 验证关注专辑数为2 expected [2] but found [0]\n\tat org.testng.Assert.fail(Assert.java:94)\n\tat org.testng.Assert.failNotEquals(Assert.java:494)\n\tat org.testng.Assert.assertEquals(Assert.java:123)\n\tat org.testng.Assert.assertEquals(Assert.java:370)\n\tat com.***REMOVED***.uitest.ios.account.OnBoardingFollowAlbums.testFollowAlbum_OnBoarding(OnBoardingFollowAlbums.java:96)\n\tat sun.reflect.NativeMethodAccessorImpl.invoke0(Native Method)\n\tat sun.reflect.NativeMethodAccessorImpl.invoke(NativeMethodAccessorImpl.java:62)\n\tat sun.reflect.DelegatingMethodAccessorImpl.invoke(DelegatingMethodAccessorImpl.java:43)\n\tat java.lang.reflect.Method.invoke(Method.java:498)\n\tat org.testng.internal.MethodInvocationHelper.invokeMethod(MethodInvocationHelper.java:84)\n\tat org.testng.internal.Invoker.invokeMethod(Invoker.java:714)\n\tat org.testng.internal.Invoker.invokeTestMethod(Invoker.java:901)\n\tat org.testng.internal.Invoker.invokeTestMethods(Invoker.java:1231)\n\tat org.testng.internal.TestMethodWorker.invokeTestMethods(TestMethodWorker.java:127)\n\tat org.testng.internal.TestMethodWorker.run(TestMethodWorker.java:111)\n\tat org.testng.TestRunner.privateRun(TestRunner.java:767)\n\tat org.testng.TestRunner.run(TestRunner.java:617)\n\tat org.testng.SuiteRunner.runTest(SuiteRunner.java:334)\n\tat org.testng.SuiteRunner.runSequentially(SuiteRunner.java:329)\n\tat org.testng.SuiteRunner.privateRun(SuiteRunner.java:291)\n\tat org.testng.SuiteRunner.run(SuiteRunner.java:240)\n\tat org.testng.SuiteRunnerWorker.runSuite(SuiteRunnerWorker.java:52)\n\tat org.testng.SuiteRunnerWorker.run(SuiteRunnerWorker.java:86)\n\tat org.testng.TestNG.runSuitesSequentially(TestNG.java:1224)\n\tat org.testng.TestNG.runSuitesLocally(TestNG.java:1149)\n\tat org.testng.TestNG.run(TestNG.java:1057)\n\tat org.apache.maven.surefire.testng.TestNGExecutor.run(TestNGExecutor.java:283)\n\tat org.apache.maven.surefire.testng.TestNGXmlTestSuite.execute(TestNGXmlTestSuite.java:75)\n\tat org.apache.maven.surefire.testng.TestNGProvider.invoke(TestNGProvider.java:120)\n\tat org.apache.maven.surefire.booter.ForkedBooter.invokeProviderInSameClassLoader(ForkedBooter.java:384)\n\tat org.apache.maven.surefire.booter.ForkedBooter.runSuitesInProcess(ForkedBooter.java:345)\n\tat org.apache.maven.surefire.booter.ForkedBooter.execute(ForkedBooter.java:126)\n\tat org.apache.maven.surefire.booter.ForkedBooter.main(ForkedBooter.java:418)\n",
    "steps" : [ ],
    "attachments" : [ {
      "uid" : "708f43994cdfba82",
      "name" : "Page screenshot",
      "source" : "708f43994cdfba82.png",
      "type" : "image/png",
      "size" : 644201
    } ],
    "parameters" : [ ],
    "stepsCount" : 0,
    "attachmentsCount" : 1,
    "shouldDisplayMessage" : true,
    "hasContent" : true
  },
  "afterStages" : [ {
    "name" : "tearDown",
    "time" : {
      "start" : 1598435773747,
      "stop" : 1598435792577,
      "duration" : 18830
    },
    "description" : "",
    "status" : "unknown",
    "steps" : [ ],
    "attachments" : [ ],
    "parameters" : [ ],
    "stepsCount" : 0,
    "attachmentsCount" : 0,
    "shouldDisplayMessage" : false,
    "hasContent" : false
  } ],
  "labels" : [ {
    "name" : "package",
    "value" : "com.***REMOVED***.uitest.ios.account.OnBoardingFollowAlbums"
  }, {
    "name" : "testClass",
    "value" : "com.***REMOVED***.uitest.ios.account.OnBoardingFollowAlbums"
  }, {
    "name" : "testMethod",
    "value" : "testFollowAlbum_OnBoarding"
  }, {
    "name" : "parentSuite",
    "value" : "iOS 自动化测试"
  }, {
    "name" : "suite",
    "value" : "P0级别测试用例-登录相关"
  }, {
    "name" : "subSuite",
    "value" : "com.***REMOVED***.uitest.ios.account.OnBoardingFollowAlbums"
  }, {
    "name" : "host",
    "value" : "RuiqideMacBook-Pro.local"
  }, {
    "name" : "thread",
    "value" : "53017@RuiqideMacBook-Pro.local.main(1)"
  }, {
    "name" : "resultFormat",
    "value" : "allure2"
  } ],
  "parameters" : [ ],
  "links" : [ ],
  "hidden" : false,
  "retry" : false,
  "extra" : {
    "severity" : "normal",
    "retries" : [ ],
    "categories" : [ {
      "name" : "Product defects",
      "matchedStatuses" : [ ],
      "flaky" : false
    } ],
    "tags" : [ ]
  },
  "source" : "179be6adb9cfcbcb.json",
  "parameterValues" : [ ]
}